Mémoire totale : 8,0 GiB
Instanciation du bot "Random"
3 classes ont été trouvées
class awele.bot.negatest.NegamaxBot
class awele.bot.NegaScout.NegaScoutV2Bot
class awele.bot.MinMaxEVOLVE.MinMaxBot

Bot 1/3
Classe : awele.bot.negatest.NegamaxBot
Instanciation du bot "NegaMax V3 Profondeur = 10"
Nom du bot : NegaMax V3 Profondeur = 10
Temps d'apprentissage : 00:00:00.000
Durée d'une prise de décision : 00:00:00.085
Usage mémoire : 391,7 KiB
Usage mémoire maximum : 12,4 MiB

Bot 2/3
Classe : awele.bot.NegaScout.NegaScoutV2Bot
Instanciation du bot "NegaScout  V2 VERSION OK"
Nom du bot : NegaScout  V2 VERSION OK
Temps d'apprentissage : 00:00:00.000
Durée d'une prise de décision : 00:00:00.081
Usage mémoire : 40,0 KiB
Usage mémoire maximum : 74,1 MiB

Bot 3/3
Classe : awele.bot.MinMaxEVOLVE.MinMaxBot
Instanciation du bot "MinMaxBOOSTED"
Nom du bot : MinMaxBOOSTED
Temps d'apprentissage : 00:00:00.000
Durée d'une prise de décision : 00:00:00.002
Usage mémoire : 1,6 KiB
Usage mémoire maximum : 86,0 MiB

3 bots ont été instanciés
Durée du chargement : 00:00:06.503
Mémoire utilisée : 4,3 MiB

Que le championnat commence !

Affrontement 1/3
NegaMax V3 Profondeur = 10 vs. NegaScout  V2 VERSION OK
Score : 3.0 - 0.0
NegaMax V3 Profondeur = 10 a gagné
Nombre de coups joués : 53.7 par match
Durée : 00:00:03.833 par match
Mémoire utilisée : 4,1 MiB

Affrontement 2/3
NegaMax V3 Profondeur = 10 vs. MinMaxBOOSTED
Score : 3.0 - 0.0
NegaMax V3 Profondeur = 10 a gagné
Nombre de coups joués : 63.5 par match
Durée : 00:00:02.820 par match
Mémoire utilisée : 4,1 MiB

Affrontement 3/3
NegaScout  V2 VERSION OK vs. MinMaxBOOSTED
Score : 0.6 - 2.4
MinMaxBOOSTED a gagné
Nombre de coups joués : 66.2 par match
Durée : 00:00:01.952 par match
Mémoire utilisée : 4,1 MiB

Durée du championnat : 00:01:26.113

Scores finaux :
NegaMax V3 Profondeur = 10 : 6.0
NegaScout  V2 VERSION OK : 0.6
MinMaxBOOSTED : 2.4

Rangs :
1. NegaMax V3 Profondeur = 10 : 6.0
2. MinMaxBOOSTED : 2.4
3. NegaScout  V2 VERSION OK : 0.6
