Mémoire totale : 2,0 GiB
Instanciation du bot "Random"
8 classes ont été trouvées
class awele.bot.NegaMax2.NegamaxBot
class awele.bot.first.FirstBot
class awele.bot.ENDGAMEEE.EndGameBot
class awele.bot.MinMaxEVOLVE.MinMaxBot
class awele.bot.NegaScoutV2.NegaScoutV2Bot
class awele.bot.minmax.MinMaxBot
class awele.bot.NegaScout.NegascoutBot
class awele.bot.NegaMaxAlphaBetaV3.NegamaxBot

Bot 1/8
Classe : awele.bot.NegaMax2.NegamaxBot
Instanciation du bot "NegaMax V2"
Nom du bot : NegaMax V2
Auteur(s) : Quentin BEAUPUY & Vivien KORPYS
Temps d'apprentissage : 00:00:00.000
Durée d'une prise de décision : 00:00:00.060
Usage mémoire : 407,8 KiB
Usage mémoire maximum : 92,9 MiB

Bot 2/8
Classe : awele.bot.first.FirstBot
Instanciation du bot "First"
Nom du bot : First
Auteur(s) : Alexandre Blansché
Temps d'apprentissage : 00:00:00.000
Durée d'une prise de décision : 00:00:00.000
Usage mémoire : 424 B
Usage mémoire maximum : 598,0 KiB

Bot 3/8
Classe : awele.bot.ENDGAMEEE.EndGameBot
Instanciation du bot "ENDGAME V2"
Nom du bot : ENDGAME V2
Auteur(s) : Vivien KORPYS
Temps d'apprentissage : 00:00:00.001
Durée d'une prise de décision : 00:00:00.000
Usage mémoire : 1,4 KiB
Usage mémoire maximum : 5,5 MiB

Bot 4/8
Classe : awele.bot.MinMaxEVOLVE.MinMaxBot
Instanciation du bot "MinMaxBOOSTED"
Nom du bot : MinMaxBOOSTED
Auteur(s) : Vivien KORPYS
Temps d'apprentissage : 00:00:00.000
Durée d'une prise de décision : 00:00:00.012
Usage mémoire : 1,7 KiB
Usage mémoire maximum : 18,0 MiB

Bot 5/8
Classe : awele.bot.NegaScoutV2.NegaScoutV2Bot
Instanciation du bot "NegaScout  V2"
Nom du bot : NegaScout  V2
Auteur(s) : Quentin BEAUPUY & Vivien KORPYS
Temps d'apprentissage : 00:00:00.000
Durée d'une prise de décision : 00:00:00.023
Usage mémoire : 1,7 KiB
Usage mémoire maximum : 26,0 MiB

Bot 6/8
Classe : awele.bot.minmax.MinMaxBot
Instanciation du bot "MinMax"
Nom du bot : MinMax
Auteur(s) : Alexandre Blansché
Temps d'apprentissage : 00:00:00.000
Durée d'une prise de décision : 00:00:00.119
Bot "MinMax" disqualifié : durée d'une prise de décision trop long

Bot 7/8
Classe : awele.bot.NegaScout.NegascoutBot
Instanciation du bot "Negascout V1"
Nom du bot : Negascout V1
Auteur(s) : Quentin BEAUPUY & Vivien KORPYS
Temps d'apprentissage : 00:00:00.000
Durée d'une prise de décision : 00:00:00.001
Usage mémoire : 2,1 KiB
Usage mémoire maximum : 7,0 MiB

Bot 8/8
Classe : awele.bot.NegaMaxAlphaBetaV3.NegamaxBot
Instanciation du bot "NegaMax V3"
Nom du bot : NegaMax V3
Auteur(s) : Quentin BEAUPUY & Vivien KORPYS
Temps d'apprentissage : 00:00:00.000
Durée d'une prise de décision : 00:00:00.023
Usage mémoire : 1,4 KiB
Usage mémoire maximum : 22,0 MiB

7 bots ont été instanciés
Durée du chargement : 00:00:11.262
Mémoire utilisée : 4,2 MiB

Que le championnat commence !

Affrontement 1/21
NegaMax V2 vs. First
Score : 3.0 - 0.0
NegaMax V2 a gagné
Nombre de coups joués : 53.4 par match
Durée : 00:00:00.950 par match
Mémoire utilisée : 4,1 MiB

Affrontement 2/21
NegaMax V2 vs. ENDGAME V2
Score : 2.4 - 0.6
NegaMax V2 a gagné
Nombre de coups joués : 73.65 par match
Durée : 00:00:00.972 par match
Mémoire utilisée : 4,1 MiB

Affrontement 3/21
NegaMax V2 vs. MinMaxBOOSTED
Score : 3.0 - 0.0
NegaMax V2 a gagné
Nombre de coups joués : 92.1 par match
Durée : 00:00:01.112 par match
Mémoire utilisée : 4,1 MiB

Affrontement 4/21
NegaMax V2 vs. NegaScout  V2
Score : 0.7 - 2.2
NegaScout  V2 a gagné
Nombre de coups joués : 86.85 par match
Durée : 00:00:01.363 par match
Mémoire utilisée : 4,1 MiB

Affrontement 5/21
NegaMax V2 vs. Negascout V1
Score : 2.7 - 0.3
NegaMax V2 a gagné
Nombre de coups joués : 60.25 par match
Durée : 00:00:00.768 par match
Mémoire utilisée : 4,1 MiB

Affrontement 6/21
NegaMax V2 vs. NegaMax V3
Score : 1.8 - 1.2
NegaMax V2 a gagné
Nombre de coups joués : 98.5 par match
Durée : 00:00:01.584 par match
Mémoire utilisée : 4,1 MiB

Affrontement 7/21
First vs. ENDGAME V2
Score : 0.0 - 3.0
ENDGAME V2 a gagné
Nombre de coups joués : 56.5 par match
Durée : 00:00:00.019 par match
Mémoire utilisée : 4,1 MiB

Affrontement 8/21
First vs. MinMaxBOOSTED
Score : 0.0 - 3.0
MinMaxBOOSTED a gagné
Nombre de coups joués : 45.8 par match
Durée : 00:00:00.131 par match
Mémoire utilisée : 4,1 MiB

Affrontement 9/21
First vs. NegaScout  V2
Score : 0.0 - 3.0
NegaScout  V2 a gagné
Nombre de coups joués : 39.8 par match
Durée : 00:00:00.288 par match
Mémoire utilisée : 4,1 MiB

Affrontement 10/21
First vs. Negascout V1
Score : 0.0 - 3.0
Negascout V1 a gagné
Nombre de coups joués : 55.8 par match
Durée : 00:00:00.023 par match
Mémoire utilisée : 4,1 MiB

Affrontement 11/21
First vs. NegaMax V3
Score : 0.0 - 3.0
NegaMax V3 a gagné
Nombre de coups joués : 41.5 par match
Durée : 00:00:00.216 par match
Mémoire utilisée : 4,1 MiB

Affrontement 12/21
ENDGAME V2 vs. MinMaxBOOSTED
Score : 2.4 - 0.6
ENDGAME V2 a gagné
Nombre de coups joués : 108.55 par match
Durée : 00:00:00.212 par match
Mémoire utilisée : 4,1 MiB

Affrontement 13/21
ENDGAME V2 vs. NegaScout  V2
Score : 0.0 - 3.0
NegaScout  V2 a gagné
Nombre de coups joués : 76.3 par match
Durée : 00:00:00.587 par match
Mémoire utilisée : 4,1 MiB

Affrontement 14/21
ENDGAME V2 vs. Negascout V1
Score : 2.7 - 0.3
ENDGAME V2 a gagné
Nombre de coups joués : 98.0 par match
Durée : 00:00:00.088 par match
Mémoire utilisée : 4,1 MiB

Affrontement 15/21
ENDGAME V2 vs. NegaMax V3
Score : 0.0 - 3.0
NegaMax V3 a gagné
Nombre de coups joués : 92.65 par match
Durée : 00:00:00.713 par match
Mémoire utilisée : 4,1 MiB

Affrontement 16/21
MinMaxBOOSTED vs. NegaScout  V2
Score : 0.0 - 3.0
NegaScout  V2 a gagné
Nombre de coups joués : 97.0 par match
Durée : 00:00:01.626 par match
Mémoire utilisée : 4,1 MiB

Affrontement 17/21
MinMaxBOOSTED vs. Negascout V1
Score : 2.4 - 0.6
MinMaxBOOSTED a gagné
Nombre de coups joués : 94.8 par match
Durée : 00:00:00.440 par match
Mémoire utilisée : 4,1 MiB

Affrontement 18/21
MinMaxBOOSTED vs. NegaMax V3
Score : 0.0 - 3.0
NegaMax V3 a gagné
Nombre de coups joués : 75.75 par match
Durée : 00:00:01.026 par match
Mémoire utilisée : 4,1 MiB

Affrontement 19/21
NegaScout  V2 vs. Negascout V1
Score : 3.0 - 0.0
NegaScout  V2 a gagné
Nombre de coups joués : 57.65 par match
Durée : 00:00:00.734 par match
Mémoire utilisée : 4,1 MiB

Affrontement 20/21
NegaScout  V2 vs. NegaMax V3
Score : 0.9 - 2.1
NegaMax V3 a gagné
Nombre de coups joués : 94.4 par match
Durée : 00:00:01.702 par match
Mémoire utilisée : 4,1 MiB

Affrontement 21/21
Negascout V1 vs. NegaMax V3
Score : 0.0 - 3.0
NegaMax V3 a gagné
Nombre de coups joués : 55.5 par match
Durée : 00:00:00.581 par match
Mémoire utilisée : 4,1 MiB

Durée du championnat : 00:05:03.706

Scores finaux :
NegaMax V2 : 13.6
First : 0.0
ENDGAME V2 : 8.7
MinMaxBOOSTED : 6.0
NegaScout  V2 : 15.1
Negascout V1 : 4.2
NegaMax V3 : 15.3

Rangs :
1. NegaMax V3 : 15.3
2. NegaScout  V2 : 15.1
3. NegaMax V2 : 13.6
4. ENDGAME V2 : 8.7
5. MinMaxBOOSTED : 6.0
6. Negascout V1 : 4.2
7. First : 0.0
